<?xml version="1.0" encoding="UTF-8"?>
<testsuite name="org.example.mathdevices.MiniWindowsFreeCalculatorTest" tests="8" skipped="0" failures="0" errors="0" timestamp="2022-07-04T14:47:41" hostname="DESKTOP-7VNB1AO" time="0.059">
  <properties/>
  <testcase name="testAddGivenValue_yieldsExpectedOutput()" classname="org.example.mathdevices.MiniWindowsFreeCalculatorTest" time="0.038"/>
  <testcase name="testCalculatorGetValueAsString_erasesTrailingZeroes()" classname="org.example.mathdevices.MiniWindowsFreeCalculatorTest" time="0.002"/>
  <testcase name="testSubstractGivenValue_yieldsExpectedOutput()" classname="org.example.mathdevices.MiniWindowsFreeCalculatorTest" time="0.001"/>
  <testcase name="multiplyByGivenValue_YieldsExpectedOuput()" classname="org.example.mathdevices.MiniWindowsFreeCalculatorTest" time="0.002"/>
  <testcase name="testDivideByZero_yieldsErrAsValue()" classname="org.example.mathdevices.MiniWindowsFreeCalculatorTest" time="0.001"/>
  <testcase name="testCalculatorWithGivenValue_yieldsExpectedOutput()" classname="org.example.mathdevices.MiniWindowsFreeCalculatorTest" time="0.002"/>
  <testcase name="testCalculatorGetValueAsString_allowsFloatingNumbers()" classname="org.example.mathdevices.MiniWindowsFreeCalculatorTest" time="0.002"/>
  <testcase name="testCalculatorGetValueAsString_erasesLeadingZeroes()" classname="org.example.mathdevices.MiniWindowsFreeCalculatorTest" time="0.002"/>
  <system-out><![CDATA[]]></system-out>
  <system-err><![CDATA[]]></system-err>
</testsuite>
